GeoSys-OUT: Output ------------------------------------------------

#OUTPUT
 $PCS_TYPE
  HEAT_TRANSPORT
 $DAT_TYPE
  CONTRAFLOW
 $TIM_TYPE
  STEPS 1

#OUTPUT
 $NOD_VALUES
  TEMPERATURE1
 $GEO_TYPE
  POLYLINE PLY_BHE1
 $DAT_TYPE
  TECPLOT
 $TIM_TYPE
  STEPS 12

#OUTPUT
 $NOD_VALUES
  TEMPERATURE1
 $GEO_TYPE
  SURFACE SURF_13
 $DAT_TYPE
  TECPLOT
 $TIM_TYPE
  STEPS 12

#OUTPUT
 $PCS_TYPE
  HEAT_TRANSPORT
 $GEO_TYPE
  SURFACE SURF_14
 $DAT_TYPE
  TOTAL_FLUX
 $TIM_TYPE
  STEPS 1

#OUTPUT
 $NOD_VALUES
  TEMPERATURE1
 $GEO_TYPE
  POLYLINE PLY_23
 $DAT_TYPE
  TECPLOT
 $TIM_TYPE
  STEPS 2
  
#OUTPUT
 $NOD_VALUES
  TEMPERATURE1
 $GEO_TYPE
  POLYLINE PLY_24
 $DAT_TYPE
  TECPLOT
 $TIM_TYPE
  STEPS 2

#OUTPUT
 $NOD_VALUES
  TEMPERATURE1
 $GEO_TYPE
  DOMAIN
 $DAT_TYPE
  VTK
 $TIM_TYPE
  STEPS 42

#STOP




#OUTPUT
 $NOD_VALUES
  TEMPERATURE1
 $GEO_TYPE
  SURFACE SURF_15
 $DAT_TYPE
  TECPLOT
 $TIM_TYPE
  STEPS 42
  
#OUTPUT
 $PCS_TYPE
  HEAT_TRANSPORT
 $GEO_TYPE
  SURFACE SURF_14
 $DAT_TYPE
  TOTAL_FLUX
 $TIM_TYPE
  STEPS 1




